<?xml version="1.0" encoding="UTF-8"?>
<!-- Generated by org.testng.reporters.JUnitXMLReporter -->
<testsuite ignored="0" hostname="HP" failures="0" tests="3" name="Default test" time="52.675" errors="0" timestamp="28 Jan 2019 03:45:22 GMT">
  <testcase classname="Com.crm.qa.testcases.HomepageTest" name="veryfyHomepageTitletest" time="0.019"/>
  <testcase classname="Com.crm.qa.testcases.HomepageTest" name="veryfyusernametest" time="0.097"/>
  <testcase classname="Com.crm.qa.testcases.HomepageTest" name="veryfycontactslinktest" time="1.853"/>
</testsuite> <!-- Default test -->
