<?xml version="1.0" encoding="UTF-8"?>
<testng-results ignored="0" total="2" passed="2" failed="0" skipped="0">
  <reporter-output>
  </reporter-output>
  <suite started-at="2019-01-28T03:57:23Z" name="Suite" finished-at="2019-01-28T03:57:55Z" duration-ms="31902">
    <groups>
    </groups>
    <test started-at="2019-01-28T03:57:23Z" name="Test" finished-at="2019-01-28T03:57:55Z" duration-ms="31902">
      <class name="Com.crm.qa.testcases.ContactspageTest">
        <test-method is-config="true" signature="setup()[pri:0, instance:Com.crm.qa.testcases.ContactspageTest@c0c2f8d]" started-at="2019-01-28T03:57:23Z" name="setup" finished-at="2019-01-28T03:57:44Z" duration-ms="20961" status="PASS">
          <reporter-output>
          </reporter-output>
        </test-method> <!-- setup -->
        <test-method signature="veryfycontactslabel()[pri:0, instance:Com.crm.qa.testcases.ContactspageTest@c0c2f8d]" started-at="2019-01-28T03:57:44Z" name="veryfycontactslabel" finished-at="2019-01-28T03:57:44Z" duration-ms="41" status="PASS">
          <reporter-output>
          </reporter-output>
        </test-method> <!-- veryfycontactslabel -->
        <test-method is-config="true" signature="tearDown()[pri:0, instance:Com.crm.qa.testcases.ContactspageTest@c0c2f8d]" started-at="2019-01-28T03:57:44Z" name="tearDown" finished-at="2019-01-28T03:57:45Z" duration-ms="634" status="PASS">
          <reporter-output>
          </reporter-output>
        </test-method> <!-- tearDown -->
      </class> <!-- Com.crm.qa.testcases.ContactspageTest -->
      <class name="Com.crm.qa.testcases.LoginpageTest">
        <test-method is-config="true" signature="setup()[pri:0, instance:Com.crm.qa.testcases.LoginpageTest@63475ace]" started-at="2019-01-28T03:57:45Z" name="setup" finished-at="2019-01-28T03:57:55Z" duration-ms="9597" status="PASS">
          <reporter-output>
          </reporter-output>
        </test-method> <!-- setup -->
        <test-method signature="loginpageTitletest()[pri:1, instance:Com.crm.qa.testcases.LoginpageTest@63475ace]" started-at="2019-01-28T03:57:55Z" name="loginpageTitletest" finished-at="2019-01-28T03:57:55Z" duration-ms="10" status="PASS">
          <reporter-output>
          </reporter-output>
        </test-method> <!-- loginpageTitletest -->
        <test-method is-config="true" signature="tearDown()[pri:0, instance:Com.crm.qa.testcases.LoginpageTest@63475ace]" started-at="2019-01-28T03:57:55Z" name="tearDown" finished-at="2019-01-28T03:57:55Z" duration-ms="607" status="PASS">
          <reporter-output>
          </reporter-output>
        </test-method> <!-- tearDown -->
      </class> <!-- Com.crm.qa.testcases.LoginpageTest -->
    </test> <!-- Test -->
  </suite> <!-- Suite -->
</testng-results>
